# JRE version: OpenJDK Runtime Environment (8.0_282-b08) (build 1.8.0_282-8u282-b08-0ubuntu1~20.04-b08)
# Java VM: OpenJDK 64-Bit Server VM (25.282-b08 mixed mode linux-amd64 compressed oops)
Heap:
 PSYoungGen      total 139264K, used 67212K [0x000000076d000000, 0x0000000776200000, 0x00000007c0000000)
  eden space 129024K, 52% used [0x000000076d000000,0x00000007711a3078,0x0000000774e00000)
  from space 10240K, 0% used [0x0000000775800000,0x0000000775800000,0x0000000776200000)
  to   space 10240K, 0% used [0x0000000774e00000,0x0000000774e00000,0x0000000775800000)
 ParOldGen       total 104960K, used 7851K [0x00000006c7000000, 0x00000006cd680000, 0x000000076d000000)
  object space 104960K, 7% used [0x00000006c7000000,0x00000006c77aadf8,0x00000006cd680000)
 Metaspace       used 28997K, capacity 29486K, committed 29824K, reserved 1075200K
  class space    used 3489K, capacity 3665K, committed 3712K, reserved 1048576K
GC Heap History (6 events):
Event: 1,632 GC heap before
{Heap before GC invocations=1 (full 0):
 PSYoungGen      total 74752K, used 64512K [0x000000076d000000, 0x0000000772300000, 0x00000007c0000000)
  eden space 64512K, 100% used [0x000000076d000000,0x0000000770f00000,0x0000000770f00000)
  from space 10240K, 0% used [0x0000000771900000,0x0000000771900000,0x0000000772300000)
  to   space 10240K, 0% used [0x0000000770f00000,0x0000000770f00000,0x0000000771900000)
 ParOldGen       total 171008K, used 0K [0x00000006c7000000, 0x00000006d1700000, 0x000000076d000000)
  object space 171008K, 0% used [0x00000006c7000000,0x00000006c7000000,0x00000006d1700000)
 Metaspace       used 16302K, capacity 16616K, committed 17024K, reserved 1064960K
  class space    used 2011K, capacity 2123K, committed 2176K, reserved 1048576K
Event: 1,650 GC heap after
Heap after GC invocations=1 (full 0):
 PSYoungGen      total 74752K, used 9549K [0x000000076d000000, 0x0000000776200000, 0x00000007c0000000)
  eden space 64512K, 0% used [0x000000076d000000,0x000000076d000000,0x0000000770f00000)
  from space 10240K, 93% used [0x0000000770f00000,0x0000000771853550,0x0000000771900000)
  to   space 10240K, 0% used [0x0000000775800000,0x0000000775800000,0x0000000776200000)
 ParOldGen       total 171008K, used 80K [0x00000006c7000000, 0x00000006d1700000, 0x000000076d000000)
  object space 171008K, 0% used [0x00000006c7000000,0x00000006c7014010,0x00000006d1700000)
 Metaspace       used 16302K, capacity 16616K, committed 17024K, reserved 1064960K
  class space    used 2011K, capacity 2123K, committed 2176K, reserved 1048576K
}
Event: 2,096 GC heap before
{Heap before GC invocations=2 (full 0):
 PSYoungGen      total 74752K, used 46259K [0x000000076d000000, 0x0000000776200000, 0x00000007c0000000)
  eden space 64512K, 56% used [0x000000076d000000,0x000000076f3d9908,0x0000000770f00000)
  from space 10240K, 93% used [0x0000000770f00000,0x0000000771853550,0x0000000771900000)
  to   space 10240K, 0% used [0x0000000775800000,0x0000000775800000,0x0000000776200000)
 ParOldGen       total 171008K, used 80K [0x00000006c7000000, 0x00000006d1700000, 0x000000076d000000)
  object space 171008K, 0% used [0x00000006c7000000,0x00000006c7014010,0x00000006d1700000)
 Metaspace       used 20680K, capacity 21060K, committed 21296K, reserved 1069056K
  class space    used 2520K, capacity 2652K, committed 2688K, reserved 1048576K
Event: 2,102 GC heap after
Heap after GC invocations=2 (full 0):
 PSYoungGen      total 139264K, used 7992K [0x000000076d000000, 0x0000000776200000, 0x00000007c0000000)
  eden space 129024K, 0% used [0x000000076d000000,0x000000076d000000,0x0000000774e00000)
  from space 10240K, 78% used [0x0000000775800000,0x0000000775fce2b0,0x0000000776200000)
  to   space 10240K, 0% used [0x0000000774e00000,0x0000000774e00000,0x0000000775800000)
 ParOldGen       total 171008K, used 96K [0x00000006c7000000, 0x00000006d1700000, 0x000000076d000000)
  object space 171008K, 0% used [0x00000006c7000000,0x00000006c7018010,0x00000006d1700000)
 Metaspace       used 20680K, capacity 21060K, committed 21296K, reserved 1069056K
  class space    used 2520K, capacity 2652K, committed 2688K, reserved 1048576K
}
Event: 2,102 GC heap before
{Heap before GC invocations=3 (full 1):
 PSYoungGen      total 139264K, used 7992K [0x000000076d000000, 0x0000000776200000, 0x00000007c0000000)
  eden space 129024K, 0% used [0x000000076d000000,0x000000076d000000,0x0000000774e00000)
  from space 10240K, 78% used [0x0000000775800000,0x0000000775fce2b0,0x0000000776200000)
  to   space 10240K, 0% used [0x0000000774e00000,0x0000000774e00000,0x0000000775800000)
 ParOldGen       total 171008K, used 96K [0x00000006c7000000, 0x00000006d1700000, 0x000000076d000000)
  object space 171008K, 0% used [0x00000006c7000000,0x00000006c7018010,0x00000006d1700000)
 Metaspace       used 20680K, capacity 21060K, committed 21296K, reserved 1069056K
  class space    used 2520K, capacity 2652K, committed 2688K, reserved 1048576K
Event: 2,129 GC heap after
Heap after GC invocations=3 (full 1):
 PSYoungGen      total 139264K, used 0K [0x000000076d000000, 0x0000000776200000, 0x00000007c0000000)
  eden space 129024K, 0% used [0x000000076d000000,0x000000076d000000,0x0000000774e00000)
  from space 10240K, 0% used [0x0000000775800000,0x0000000775800000,0x0000000776200000)
  to   space 10240K, 0% used [0x0000000774e00000,0x0000000774e00000,0x0000000775800000)
 ParOldGen       total 104960K, used 7851K [0x00000006c7000000, 0x00000006cd680000, 0x000000076d000000)
  object space 104960K, 7% used [0x00000006c7000000,0x00000006c77aadf8,0x00000006cd680000)
 Metaspace       used 20680K, capacity 21060K, committed 21296K, reserved 1069056K
  class space    used 2520K, capacity 2652K, committed 2688K, reserved 1048576K
}

